-------------------------------------------------------------------------------
Test set: TestSuite
-------------------------------------------------------------------------------
Tests run: 1, Failures: 1, Errors: 0, Skipped: 0, Time elapsed: 1.257 sec <<< FAILURE! - in TestSuite
run_cukes(CucumberTest.CucumberTest.CalcRunner)  Time elapsed: 0.71 sec  <<< FAILURE!
cucumber.runtime.CucumberException: java.lang.ArithmeticException: / by zero
Caused by: java.lang.ArithmeticException: / by zero

